benchamrk_mkl
benchamrk_openblas
blas_dgemm_16.log
blas_dgemm_1.log
blas_dgemm_2.log
blas_dgemm_4.log
blas_dgemm_8.log
CMakeFiles
cmake_install.cmake
Makefile
run_sbatches.sh
slurm_run.sh
Openblas
500 10 12345
0.005084       49.174491
0.338246        0.739108
0.333519        0.749583
0.339000        0.737462
MKL
500 10 12345
0.004858       51.462337
0.334919        0.746449
0.334606        0.747148
0.338089        0.739450
Openblas
1000 10 12345
0.033626       59.477804
3.007201        0.665070
2.967580        0.673950
3.006793        0.665160
MKL
1000 10 12345
0.034623       57.765064
3.019751        0.662306
2.993783        0.668051
3.040223        0.657847
Openblas
1500 10 12345
0.102549       65.822483
10.334367        0.653160
10.373686        0.650685
10.517866        0.641765
MKL
1500 10 12345
0.108190       62.389999
10.363198        0.651343
10.327351        0.653604
10.396300        0.649269
