benchamrk_mkl
benchamrk_openblas
blas_dgemm_16.log
blas_dgemm_1.log
blas_dgemm_2.log
blas_dgemm_4.log
blas_dgemm_8.log
CMakeFiles
cmake_install.cmake
Makefile
run_sbatches.sh
slurm_run.sh
Openblas
500 10 12345
0.002512       99.519827
0.185630        1.346762
0.145571        1.717381
0.363834        0.687126
MKL
500 10 12345
0.013999       17.858468
0.143569        1.741328
0.093067        2.686231
0.334189        0.748079
Openblas
1000 10 12345
0.014701      136.042990
0.776069        2.577091
0.718672        2.782909
2.632608        0.759703
MKL
1000 10 12345
0.016143      123.892068
0.761389        2.626780
0.666124        3.002442
2.637600        0.758265
Openblas
1500 10 12345
0.042265      159.707181
2.407215        2.804070
2.329371        2.897778
8.987607        0.751034
MKL
1500 10 12345
0.045961      146.864564
2.389136        2.825289
2.281231        2.958928
9.009743        0.749189
