benchamrk_mkl
benchamrk_openblas
blas_dgemm_16.log
blas_dgemm_1.log
blas_dgemm_2.log
blas_dgemm_4.log
blas_dgemm_8.log
CMakeFiles
cmake_install.cmake
Makefile
run_sbatches.sh
slurm_run.sh
Openblas
500 10 12345
0.002364      105.741062
0.101926        2.452757
0.038136        6.555492
0.360408        0.693659
MKL
500 10 12345
0.014249       17.545630
0.054949        4.549697
0.041076        6.086291
0.338345        0.738891
Openblas
1000 10 12345
0.007544      265.124492
0.285815        6.997535
0.254733        7.851350
2.679147        0.746506
MKL
1000 10 12345
0.008758      228.375164
0.259166        7.717051
0.177932       11.240275
2.632316        0.759787
Openblas
1500 10 12345
0.028216      239.225312
0.703378        9.596545
0.663859       10.167828
8.841477        0.763447
MKL
1500 10 12345
0.018423      366.387291
0.678879        9.942864
0.617216       10.936199
8.834828        0.764022
