benchamrk_mkl
benchamrk_openblas
blas_dgemm_16.log
blas_dgemm_1.log
blas_dgemm_2.log
blas_dgemm_4.log
blas_dgemm_8.log
CMakeFiles
cmake_install.cmake
Makefile
run_sbatches.sh
slurm_run.sh
Openblas
500 10 12345
0.001565      159.698863
0.128779        1.941313
0.070137        3.564435
0.339516        0.736341
MKL
500 10 12345
0.002159      115.772645
0.084491        2.958884
0.061138        4.089109
0.327924        0.762373
Openblas
1000 10 12345
0.008360      239.235712
0.436763        4.579138
0.371733        5.380207
2.597519        0.769965
MKL
1000 10 12345
0.009397      212.845087
0.422718        4.731289
0.323925        6.174260
2.599038        0.769515
Openblas
1500 10 12345
0.024675      273.560015
1.221481        5.526078
1.159199        5.822988
8.812200        0.765984
MKL
1500 10 12345
0.025750      262.135019
1.199685        5.626478
1.100636        6.132815
8.808141        0.766336
