benchamrk_mkl
benchamrk_openblas
blas_dgemm_16.log
blas_dgemm_1.log
blas_dgemm_2.log
blas_dgemm_4.log
blas_dgemm_8.log
CMakeFiles
cmake_install.cmake
Makefile
run_sbatches.sh
slurm_run.sh
Openblas
500 10 12345
0.010947       22.837659
0.273840        0.912943
0.201722        1.239328
0.337063        0.741701
MKL
500 10 12345
0.006503       38.445570
0.253241        0.987201
0.168317        1.485292
0.337706        0.740289
Openblas
1000 10 12345
0.025833       77.421133
1.413588        1.414840
1.384791        1.444261
2.743165        0.729085
MKL
1000 10 12345
0.028527       70.108908
1.553582        1.287347
1.520479        1.315375
2.779774        0.719483
Openblas
1500 10 12345
0.081241       83.085972
5.149566        1.310790
5.134262        1.314697
10.040150        0.672301
MKL
1500 10 12345
0.083284       81.047752
5.218097        1.293575
5.112660        1.320252
9.950114        0.678384
